<?xml version="1.0" encoding="UTF-8"?>
<!-- Generated by org.testng.reporters.JUnitReportReporter -->
<testsuite hostname="ojas-dd564" failures="0" tests="2" name="programs.GroupsTest" time="0.014" errors="0" timestamp="2022-07-28T11:43:59 IST" skipped="0">
  <testcase classname="programs.GroupsTest" name="testthree" time="0.007"/>
  <system-out/>
  <testcase classname="programs.GroupsTest" name="testone" time="0.007"/>
  <system-out/>
</testsuite> <!-- programs.GroupsTest -->
