<?xml version="1.0" encoding="UTF-8"?>
<!-- Generated by org.testng.reporters.JUnitReportReporter -->
<testsuite hostname="ojas-dd564" failures="0" tests="1" name="programs.ParallelTest" time="8.627" errors="0" timestamp="2022-07-28T10:53:57 IST" skipped="0">
  <testcase classname="programs.ParallelTest" name="testing" time="8.627"/>
  <system-out/>
</testsuite> <!-- programs.ParallelTest -->
