<?xml version="1.0" encoding="UTF-8"?>
<!-- Generated by org.testng.reporters.JUnitReportReporter -->
<testsuite hostname="ojas-dd564" failures="0" tests="10" name="programs.InvocationCount" time="0.031" errors="0" timestamp="2022-07-28T14:51:15 IST" skipped="0">
  <testcase classname="programs.InvocationCount" name="invoke" time="0.009"/>
  <system-out/>
  <testcase classname="programs.InvocationCount" name="invoke" time="0.003"/>
  <system-out/>
  <testcase classname="programs.InvocationCount" name="invoke" time="0.009"/>
  <system-out/>
  <testcase classname="programs.InvocationCount" name="invoke" time="0.002"/>
  <system-out/>
  <testcase classname="programs.InvocationCount" name="invoke" time="0.001"/>
  <system-out/>
  <testcase classname="programs.InvocationCount" name="invoke" time="0.002"/>
  <system-out/>
  <testcase classname="programs.InvocationCount" name="invoke" time="0.002"/>
  <system-out/>
  <testcase classname="programs.InvocationCount" name="invoke" time="0.001"/>
  <system-out/>
  <testcase classname="programs.InvocationCount" name="invoke" time="0.001"/>
  <system-out/>
  <testcase classname="programs.InvocationCount" name="invoke" time="0.001"/>
  <system-out/>
</testsuite> <!-- programs.InvocationCount -->
