<?xml version="1.0" encoding="UTF-8"?>
<!-- Generated by org.testng.reporters.JUnitReportReporter -->
<testsuite hostname="ojas-dd564" failures="0" tests="1" name="programs.ParallelTest1" time="29.209" errors="0" timestamp="2022-07-28T10:53:57 IST" skipped="0">
  <testcase classname="programs.ParallelTest1" name="testing" time="29.209"/>
  <system-out/>
</testsuite> <!-- programs.ParallelTest1 -->
